<?xml version="1.0" encoding="UTF-8"?>
<testrun name="MineSweeperBoardTest (1)" project="MineSweeper" tests="10" started="10" failures="10" errors="0" ignored="0">
  <testsuite name="Ying [emulator-5554]">
    <testsuite name="junit.framework.TestSuite.1">
      <testcase name="warning " classname="junit.framework.TestSuite.1" incomplete="true"/>
      <testcase name="warning " classname="junit.framework.TestSuite.1" incomplete="true"/>
      <testcase name="warning " classname="junit.framework.TestSuite.1" incomplete="true"/>
      <testcase name="warning " classname="junit.framework.TestSuite.1" incomplete="true"/>
      <testcase name="warning " classname="junit.framework.TestSuite.1" incomplete="true"/>
      <testcase name="warning " classname="junit.framework.TestSuite.1" incomplete="true"/>
      <testcase name="warning " classname="junit.framework.TestSuite.1" incomplete="true"/>
      <testcase name="warning " classname="junit.framework.TestSuite.1" incomplete="true"/>
      <testcase name="warning " classname="junit.framework.TestSuite.1" incomplete="true"/>
      <testcase name="warning " classname="junit.framework.TestSuite.1" time="0.13">
        <failure>junit.framework.AssertionFailedError: Exception in constructor: testFlagCell (java.lang.ArrayIndexOutOfBoundsException: length=4; index=-690434266&#13;
at cs2114.minesweeper.MineSweeperBoard.setCell(MineSweeperBoard.java:211)&#13;
at cs2114.minesweeper.MineSweeperBoard.randomBoard(MineSweeperBoard.java:48)&#13;
at cs2114.minesweeper.MineSweeperBoard.&lt;init&gt;(MineSweeperBoard.java:33)&#13;
at cs2114.minesweeper.MineSweeperBoardTest.&lt;init&gt;(MineSweeperBoardTest.java:12)&#13;
at java.lang.reflect.Constructor.constructNative(Native Method)&#13;
at java.lang.reflect.Constructor.newInstance(Constructor.java:423)&#13;
at junit.runner.BaseTestRunner.getTest(BaseTestRunner.java:118)&#13;
at android.test.AndroidTestRunner.getTest(AndroidTestRunner.java:149)&#13;
at android.test.AndroidTestRunner.setTestClassName(AndroidTestRunner.java:57)&#13;
at android.test.suitebuilder.TestSuiteBuilder.addTestClassByName(TestSuiteBuilder.java:80)&#13;
at android.test.InstrumentationTestRunner.parseTestClass(InstrumentationTestRunner.java:443)&#13;
at android.test.InstrumentationTestRunner.parseTestClasses(InstrumentationTestRunner.java:424)&#13;
at android.test.InstrumentationTestRunner.onCreate(InstrumentationTestRunner.java:370)&#13;
at android.app.ActivityThread.handleBindApplication(ActivityThread.java:4316)&#13;
at android.app.ActivityThread.access$1400(ActivityThread.java:135)&#13;
at android.app.ActivityThread$H.handleMessage(ActivityThread.java:1457)&#13;
at android.os.Handler.dispatchMessage(Handler.java:102)&#13;
at android.os.Looper.loop(Looper.java:137)&#13;
at android.app.ActivityThread.main(ActivityThread.java:4998)&#13;
at java.lang.reflect.Method.invokeNative(Native Method)&#13;
at com.android.internal.os.ZygoteInit$MethodAndArgsCaller.run(ZygoteInit.java:777)&#13;
at com.android.internal.os.ZygoteInit.main(ZygoteInit.java:593)&#13;
at dalvik.system.NativeStart.main(Native Method)&#13;
)&#13;
at android.test.AndroidTestRunner.runTest(AndroidTestRunner.java:191)&#13;
at android.test.AndroidTestRunner.runTest(AndroidTestRunner.java:176)&#13;
at android.test.InstrumentationTestRunner.onStart(InstrumentationTestRunner.java:554)&#13;
at android.app.Instrumentation$InstrumentationThread.run(Instrumentation.java:1701)&#13;

junit.framework.AssertionFailedError: Exception in constructor: testGetCell (java.lang.ArrayIndexOutOfBoundsException: length=4; index=-526484739&#13;
at cs2114.minesweeper.MineSweeperBoard.setCell(MineSweeperBoard.java:211)&#13;
at cs2114.minesweeper.MineSweeperBoard.randomBoard(MineSweeperBoard.java:48)&#13;
at cs2114.minesweeper.MineSweeperBoard.&lt;init&gt;(MineSweeperBoard.java:33)&#13;
at cs2114.minesweeper.MineSweeperBoardTest.&lt;init&gt;(MineSweeperBoardTest.java:12)&#13;
at java.lang.reflect.Constructor.constructNative(Native Method)&#13;
at java.lang.reflect.Constructor.newInstance(Constructor.java:423)&#13;
at junit.runner.BaseTestRunner.getTest(BaseTestRunner.java:118)&#13;
at android.test.AndroidTestRunner.getTest(AndroidTestRunner.java:149)&#13;
at android.test.AndroidTestRunner.setTestClassName(AndroidTestRunner.java:57)&#13;
at android.test.suitebuilder.TestSuiteBuilder.addTestClassByName(TestSuiteBuilder.java:80)&#13;
at android.test.InstrumentationTestRunner.parseTestClass(InstrumentationTestRunner.java:443)&#13;
at android.test.InstrumentationTestRunner.parseTestClasses(InstrumentationTestRunner.java:424)&#13;
at android.test.InstrumentationTestRunner.onCreate(InstrumentationTestRunner.java:370)&#13;
at android.app.ActivityThread.handleBindApplication(ActivityThread.java:4316)&#13;
at android.app.ActivityThread.access$1400(ActivityThread.java:135)&#13;
at android.app.ActivityThread$H.handleMessage(ActivityThread.java:1457)&#13;
at android.os.Handler.dispatchMessage(Handler.java:102)&#13;
at android.os.Looper.loop(Looper.java:137)&#13;
at android.app.ActivityThread.main(ActivityThread.java:4998)&#13;
at java.lang.reflect.Method.invokeNative(Native Method)&#13;
at com.android.internal.os.ZygoteInit$MethodAndArgsCaller.run(ZygoteInit.java:777)&#13;
at com.android.internal.os.ZygoteInit.main(ZygoteInit.java:593)&#13;
at dalvik.system.NativeStart.main(Native Method)&#13;
)&#13;
at android.test.AndroidTestRunner.runTest(AndroidTestRunner.java:191)&#13;
at android.test.AndroidTestRunner.runTest(AndroidTestRunner.java:176)&#13;
at android.test.InstrumentationTestRunner.onStart(InstrumentationTestRunner.java:554)&#13;
at android.app.Instrumentation$InstrumentationThread.run(Instrumentation.java:1701)&#13;

junit.framework.AssertionFailedError: Exception in constructor: testHeight (java.lang.ArrayIndexOutOfBoundsException: length=4; index=-1451513040&#13;
at cs2114.minesweeper.MineSweeperBoard.setCell(MineSweeperBoard.java:211)&#13;
at cs2114.minesweeper.MineSweeperBoard.randomBoard(MineSweeperBoard.java:48)&#13;
at cs2114.minesweeper.MineSweeperBoard.&lt;init&gt;(MineSweeperBoard.java:33)&#13;
at cs2114.minesweeper.MineSweeperBoardTest.&lt;init&gt;(MineSweeperBoardTest.java:12)&#13;
at java.lang.reflect.Constructor.constructNative(Native Method)&#13;
at java.lang.reflect.Constructor.newInstance(Constructor.java:423)&#13;
at junit.runner.BaseTestRunner.getTest(BaseTestRunner.java:118)&#13;
at android.test.AndroidTestRunner.getTest(AndroidTestRunner.java:149)&#13;
at android.test.AndroidTestRunner.setTestClassName(AndroidTestRunner.java:57)&#13;
at android.test.suitebuilder.TestSuiteBuilder.addTestClassByName(TestSuiteBuilder.java:80)&#13;
at android.test.InstrumentationTestRunner.parseTestClass(InstrumentationTestRunner.java:443)&#13;
at android.test.InstrumentationTestRunner.parseTestClasses(InstrumentationTestRunner.java:424)&#13;
at android.test.InstrumentationTestRunner.onCreate(InstrumentationTestRunner.java:370)&#13;
at android.app.ActivityThread.handleBindApplication(ActivityThread.java:4316)&#13;
at android.app.ActivityThread.access$1400(ActivityThread.java:135)&#13;
at android.app.ActivityThread$H.handleMessage(ActivityThread.java:1457)&#13;
at android.os.Handler.dispatchMessage(Handler.java:102)&#13;
at android.os.Looper.loop(Looper.java:137)&#13;
at android.app.ActivityThread.main(ActivityThread.java:4998)&#13;
at java.lang.reflect.Method.invokeNative(Native Method)&#13;
at com.android.internal.os.ZygoteInit$MethodAndArgsCaller.run(ZygoteInit.java:777)&#13;
at com.android.internal.os.ZygoteInit.main(ZygoteInit.java:593)&#13;
at dalvik.system.NativeStart.main(Native Method)&#13;
)&#13;
at android.test.AndroidTestRunner.runTest(AndroidTestRunner.java:191)&#13;
at android.test.AndroidTestRunner.runTest(AndroidTestRunner.java:176)&#13;
at android.test.InstrumentationTestRunner.onStart(InstrumentationTestRunner.java:554)&#13;
at android.app.Instrumentation$InstrumentationThread.run(Instrumentation.java:1701)&#13;

junit.framework.AssertionFailedError: Exception in constructor: testIsGameLost (java.lang.ArrayIndexOutOfBoundsException: length=4; index=2016906350&#13;
at cs2114.minesweeper.MineSweeperBoard.setCell(MineSweeperBoard.java:211)&#13;
at cs2114.minesweeper.MineSweeperBoard.randomBoard(MineSweeperBoard.java:48)&#13;
at cs2114.minesweeper.MineSweeperBoard.&lt;init&gt;(MineSweeperBoard.java:33)&#13;
at cs2114.minesweeper.MineSweeperBoardTest.&lt;init&gt;(MineSweeperBoardTest.java:12)&#13;
at java.lang.reflect.Constructor.constructNative(Native Method)&#13;
at java.lang.reflect.Constructor.newInstance(Constructor.java:423)&#13;
at junit.runner.BaseTestRunner.getTest(BaseTestRunner.java:118)&#13;
at android.test.AndroidTestRunner.getTest(AndroidTestRunner.java:149)&#13;
at android.test.AndroidTestRunner.setTestClassName(AndroidTestRunner.java:57)&#13;
at android.test.suitebuilder.TestSuiteBuilder.addTestClassByName(TestSuiteBuilder.java:80)&#13;
at android.test.InstrumentationTestRunner.parseTestClass(InstrumentationTestRunner.java:443)&#13;
at android.test.InstrumentationTestRunner.parseTestClasses(InstrumentationTestRunner.java:424)&#13;
at android.test.InstrumentationTestRunner.onCreate(InstrumentationTestRunner.java:370)&#13;
at android.app.ActivityThread.handleBindApplication(ActivityThread.java:4316)&#13;
at android.app.ActivityThread.access$1400(ActivityThread.java:135)&#13;
at android.app.ActivityThread$H.handleMessage(ActivityThread.java:1457)&#13;
at android.os.Handler.dispatchMessage(Handler.java:102)&#13;
at android.os.Looper.loop(Looper.java:137)&#13;
at android.app.ActivityThread.main(ActivityThread.java:4998)&#13;
at java.lang.reflect.Method.invokeNative(Native Method)&#13;
at com.android.internal.os.ZygoteInit$MethodAndArgsCaller.run(ZygoteInit.java:777)&#13;
at com.android.internal.os.ZygoteInit.main(ZygoteInit.java:593)&#13;
at dalvik.system.NativeStart.main(Native Method)&#13;
)&#13;
at android.test.AndroidTestRunner.runTest(AndroidTestRunner.java:191)&#13;
at android.test.AndroidTestRunner.runTest(AndroidTestRunner.java:176)&#13;
at android.test.InstrumentationTestRunner.onStart(InstrumentationTestRunner.java:554)&#13;
at android.app.Instrumentation$InstrumentationThread.run(Instrumentation.java:1701)&#13;

junit.framework.AssertionFailedError: Exception in constructor: testIsGameWon (java.lang.ArrayIndexOutOfBoundsException: length=4; index=824092814&#13;
at cs2114.minesweeper.MineSweeperBoard.setCell(MineSweeperBoard.java:211)&#13;
at cs2114.minesweeper.MineSweeperBoard.randomBoard(MineSweeperBoard.java:48)&#13;
at cs2114.minesweeper.MineSweeperBoard.&lt;init&gt;(MineSweeperBoard.java:33)&#13;
at cs2114.minesweeper.MineSweeperBoardTest.&lt;init&gt;(MineSweeperBoardTest.java:12)&#13;
at java.lang.reflect.Constructor.constructNative(Native Method)&#13;
at java.lang.reflect.Constructor.newInstance(Constructor.java:423)&#13;
at junit.runner.BaseTestRunner.getTest(BaseTestRunner.java:118)&#13;
at android.test.AndroidTestRunner.getTest(AndroidTestRunner.java:149)&#13;
at android.test.AndroidTestRunner.setTestClassName(AndroidTestRunner.java:57)&#13;
at android.test.suitebuilder.TestSuiteBuilder.addTestClassByName(TestSuiteBuilder.java:80)&#13;
at android.test.InstrumentationTestRunner.parseTestClass(InstrumentationTestRunner.java:443)&#13;
at android.test.InstrumentationTestRunner.parseTestClasses(InstrumentationTestRunner.java:424)&#13;
at android.test.InstrumentationTestRunner.onCreate(InstrumentationTestRunner.java:370)&#13;
at android.app.ActivityThread.handleBindApplication(ActivityThread.java:4316)&#13;
at android.app.ActivityThread.access$1400(ActivityThread.java:135)&#13;
at android.app.ActivityThread$H.handleMessage(ActivityThread.java:1457)&#13;
at android.os.Handler.dispatchMessage(Handler.java:102)&#13;
at android.os.Looper.loop(Looper.java:137)&#13;
at android.app.ActivityThread.main(ActivityThread.java:4998)&#13;
at java.lang.reflect.Method.invokeNative(Native Method)&#13;
at com.android.internal.os.ZygoteInit$MethodAndArgsCaller.run(ZygoteInit.java:777)&#13;
at com.android.internal.os.ZygoteInit.main(ZygoteInit.java:593)&#13;
at dalvik.system.NativeStart.main(Native Method)&#13;
)&#13;
at android.test.AndroidTestRunner.runTest(AndroidTestRunner.java:191)&#13;
at android.test.AndroidTestRunner.runTest(AndroidTestRunner.java:176)&#13;
at android.test.InstrumentationTestRunner.onStart(InstrumentationTestRunner.java:554)&#13;
at android.app.Instrumentation$InstrumentationThread.run(Instrumentation.java:1701)&#13;

junit.framework.AssertionFailedError: Exception in constructor: testNumberOfAdjacentMines (java.lang.ArrayIndexOutOfBoundsException: length=4; index=-1203290347&#13;
at cs2114.minesweeper.MineSweeperBoard.setCell(MineSweeperBoard.java:211)&#13;
at cs2114.minesweeper.MineSweeperBoard.randomBoard(MineSweeperBoard.java:48)&#13;
at cs2114.minesweeper.MineSweeperBoard.&lt;init&gt;(MineSweeperBoard.java:33)&#13;
at cs2114.minesweeper.MineSweeperBoardTest.&lt;init&gt;(MineSweeperBoardTest.java:12)&#13;
at java.lang.reflect.Constructor.constructNative(Native Method)&#13;
at java.lang.reflect.Constructor.newInstance(Constructor.java:423)&#13;
at junit.runner.BaseTestRunner.getTest(BaseTestRunner.java:118)&#13;
at android.test.AndroidTestRunner.getTest(AndroidTestRunner.java:149)&#13;
at android.test.AndroidTestRunner.setTestClassName(AndroidTestRunner.java:57)&#13;
at android.test.suitebuilder.TestSuiteBuilder.addTestClassByName(TestSuiteBuilder.java:80)&#13;
at android.test.InstrumentationTestRunner.parseTestClass(InstrumentationTestRunner.java:443)&#13;
at android.test.InstrumentationTestRunner.parseTestClasses(InstrumentationTestRunner.java:424)&#13;
at android.test.InstrumentationTestRunner.onCreate(InstrumentationTestRunner.java:370)&#13;
at android.app.ActivityThread.handleBindApplication(ActivityThread.java:4316)&#13;
at android.app.ActivityThread.access$1400(ActivityThread.java:135)&#13;
at android.app.ActivityThread$H.handleMessage(ActivityThread.java:1457)&#13;
at android.os.Handler.dispatchMessage(Handler.java:102)&#13;
at android.os.Looper.loop(Looper.java:137)&#13;
at android.app.ActivityThread.main(ActivityThread.java:4998)&#13;
at java.lang.reflect.Method.invokeNative(Native Method)&#13;
at com.android.internal.os.ZygoteInit$MethodAndArgsCaller.run(ZygoteInit.java:777)&#13;
at com.android.internal.os.ZygoteInit.main(ZygoteInit.java:593)&#13;
at dalvik.system.NativeStart.main(Native Method)&#13;
)&#13;
at android.test.AndroidTestRunner.runTest(AndroidTestRunner.java:191)&#13;
at android.test.AndroidTestRunner.runTest(AndroidTestRunner.java:176)&#13;
at android.test.InstrumentationTestRunner.onStart(InstrumentationTestRunner.java:554)&#13;
at android.app.Instrumentation$InstrumentationThread.run(Instrumentation.java:1701)&#13;

junit.framework.AssertionFailedError: Exception in constructor: testRevealBoard (java.lang.ArrayIndexOutOfBoundsException: length=4; index=-686679843&#13;
at cs2114.minesweeper.MineSweeperBoard.setCell(MineSweeperBoard.java:211)&#13;
at cs2114.minesweeper.MineSweeperBoard.randomBoard(MineSweeperBoard.java:48)&#13;
at cs2114.minesweeper.MineSweeperBoard.&lt;init&gt;(MineSweeperBoard.java:33)&#13;
at cs2114.minesweeper.MineSweeperBoardTest.&lt;init&gt;(MineSweeperBoardTest.java:12)&#13;
at java.lang.reflect.Constructor.constructNative(Native Method)&#13;
at java.lang.reflect.Constructor.newInstance(Constructor.java:423)&#13;
at junit.runner.BaseTestRunner.getTest(BaseTestRunner.java:118)&#13;
at android.test.AndroidTestRunner.getTest(AndroidTestRunner.java:149)&#13;
at android.test.AndroidTestRunner.setTestClassName(AndroidTestRunner.java:57)&#13;
at android.test.suitebuilder.TestSuiteBuilder.addTestClassByName(TestSuiteBuilder.java:80)&#13;
at android.test.InstrumentationTestRunner.parseTestClass(InstrumentationTestRunner.java:443)&#13;
at android.test.InstrumentationTestRunner.parseTestClasses(InstrumentationTestRunner.java:424)&#13;
at android.test.InstrumentationTestRunner.onCreate(InstrumentationTestRunner.java:370)&#13;
at android.app.ActivityThread.handleBindApplication(ActivityThread.java:4316)&#13;
at android.app.ActivityThread.access$1400(ActivityThread.java:135)&#13;
at android.app.ActivityThread$H.handleMessage(ActivityThread.java:1457)&#13;
at android.os.Handler.dispatchMessage(Handler.java:102)&#13;
at android.os.Looper.loop(Looper.java:137)&#13;
at android.app.ActivityThread.main(ActivityThread.java:4998)&#13;
at java.lang.reflect.Method.invokeNative(Native Method)&#13;
at com.android.internal.os.ZygoteInit$MethodAndArgsCaller.run(ZygoteInit.java:777)&#13;
at com.android.internal.os.ZygoteInit.main(ZygoteInit.java:593)&#13;
at dalvik.system.NativeStart.main(Native Method)&#13;
)&#13;
at android.test.AndroidTestRunner.runTest(AndroidTestRunner.java:191)&#13;
at android.test.AndroidTestRunner.runTest(AndroidTestRunner.java:176)&#13;
at android.test.InstrumentationTestRunner.onStart(InstrumentationTestRunner.java:554)&#13;
at android.app.Instrumentation$InstrumentationThread.run(Instrumentation.java:1701)&#13;

junit.framework.AssertionFailedError: Exception in constructor: testSetCell (java.lang.ArrayIndexOutOfBoundsException: length=4; index=-1773041050&#13;
at cs2114.minesweeper.MineSweeperBoard.setCell(MineSweeperBoard.java:211)&#13;
at cs2114.minesweeper.MineSweeperBoard.randomBoard(MineSweeperBoard.java:48)&#13;
at cs2114.minesweeper.MineSweeperBoard.&lt;init&gt;(MineSweeperBoard.java:33)&#13;
at cs2114.minesweeper.MineSweeperBoardTest.&lt;init&gt;(MineSweeperBoardTest.java:12)&#13;
at java.lang.reflect.Constructor.constructNative(Native Method)&#13;
at java.lang.reflect.Constructor.newInstance(Constructor.java:423)&#13;
at junit.runner.BaseTestRunner.getTest(BaseTestRunner.java:118)&#13;
at android.test.AndroidTestRunner.getTest(AndroidTestRunner.java:149)&#13;
at android.test.AndroidTestRunner.setTestClassName(AndroidTestRunner.java:57)&#13;
at android.test.suitebuilder.TestSuiteBuilder.addTestClassByName(TestSuiteBuilder.java:80)&#13;
at android.test.InstrumentationTestRunner.parseTestClass(InstrumentationTestRunner.java:443)&#13;
at android.test.InstrumentationTestRunner.parseTestClasses(InstrumentationTestRunner.java:424)&#13;
at android.test.InstrumentationTestRunner.onCreate(InstrumentationTestRunner.java:370)&#13;
at android.app.ActivityThread.handleBindApplication(ActivityThread.java:4316)&#13;
at android.app.ActivityThread.access$1400(ActivityThread.java:135)&#13;
at android.app.ActivityThread$H.handleMessage(ActivityThread.java:1457)&#13;
at android.os.Handler.dispatchMessage(Handler.java:102)&#13;
at android.os.Looper.loop(Looper.java:137)&#13;
at android.app.ActivityThread.main(ActivityThread.java:4998)&#13;
at java.lang.reflect.Method.invokeNative(Native Method)&#13;
at com.android.internal.os.ZygoteInit$MethodAndArgsCaller.run(ZygoteInit.java:777)&#13;
at com.android.internal.os.ZygoteInit.main(ZygoteInit.java:593)&#13;
at dalvik.system.NativeStart.main(Native Method)&#13;
)&#13;
at android.test.AndroidTestRunner.runTest(AndroidTestRunner.java:191)&#13;
at android.test.AndroidTestRunner.runTest(AndroidTestRunner.java:176)&#13;
at android.test.InstrumentationTestRunner.onStart(InstrumentationTestRunner.java:554)&#13;
at android.app.Instrumentation$InstrumentationThread.run(Instrumentation.java:1701)&#13;

junit.framework.AssertionFailedError: Exception in constructor: testUncoverCell (java.lang.ArrayIndexOutOfBoundsException: length=4; index=-790468980&#13;
at cs2114.minesweeper.MineSweeperBoard.setCell(MineSweeperBoard.java:211)&#13;
at cs2114.minesweeper.MineSweeperBoard.randomBoard(MineSweeperBoard.java:48)&#13;
at cs2114.minesweeper.MineSweeperBoard.&lt;init&gt;(MineSweeperBoard.java:33)&#13;
at cs2114.minesweeper.MineSweeperBoardTest.&lt;init&gt;(MineSweeperBoardTest.java:12)&#13;
at java.lang.reflect.Constructor.constructNative(Native Method)&#13;
at java.lang.reflect.Constructor.newInstance(Constructor.java:423)&#13;
at junit.runner.BaseTestRunner.getTest(BaseTestRunner.java:118)&#13;
at android.test.AndroidTestRunner.getTest(AndroidTestRunner.java:149)&#13;
at android.test.AndroidTestRunner.setTestClassName(AndroidTestRunner.java:57)&#13;
at android.test.suitebuilder.TestSuiteBuilder.addTestClassByName(TestSuiteBuilder.java:80)&#13;
at android.test.InstrumentationTestRunner.parseTestClass(InstrumentationTestRunner.java:443)&#13;
at android.test.InstrumentationTestRunner.parseTestClasses(InstrumentationTestRunner.java:424)&#13;
at android.test.InstrumentationTestRunner.onCreate(InstrumentationTestRunner.java:370)&#13;
at android.app.ActivityThread.handleBindApplication(ActivityThread.java:4316)&#13;
at android.app.ActivityThread.access$1400(ActivityThread.java:135)&#13;
at android.app.ActivityThread$H.handleMessage(ActivityThread.java:1457)&#13;
at android.os.Handler.dispatchMessage(Handler.java:102)&#13;
at android.os.Looper.loop(Looper.java:137)&#13;
at android.app.ActivityThread.main(ActivityThread.java:4998)&#13;
at java.lang.reflect.Method.invokeNative(Native Method)&#13;
at com.android.internal.os.ZygoteInit$MethodAndArgsCaller.run(ZygoteInit.java:777)&#13;
at com.android.internal.os.ZygoteInit.main(ZygoteInit.java:593)&#13;
at dalvik.system.NativeStart.main(Native Method)&#13;
)&#13;
at android.test.AndroidTestRunner.runTest(AndroidTestRunner.java:191)&#13;
at android.test.AndroidTestRunner.runTest(AndroidTestRunner.java:176)&#13;
at android.test.InstrumentationTestRunner.onStart(InstrumentationTestRunner.java:554)&#13;
at android.app.Instrumentation$InstrumentationThread.run(Instrumentation.java:1701)&#13;

junit.framework.AssertionFailedError: Exception in constructor: testWidth (java.lang.ArrayIndexOutOfBoundsException: length=4; index=-1266632709&#13;
at cs2114.minesweeper.MineSweeperBoard.setCell(MineSweeperBoard.java:211)&#13;
at cs2114.minesweeper.MineSweeperBoard.randomBoard(MineSweeperBoard.java:48)&#13;
at cs2114.minesweeper.MineSweeperBoard.&lt;init&gt;(MineSweeperBoard.java:33)&#13;
at cs2114.minesweeper.MineSweeperBoardTest.&lt;init&gt;(MineSweeperBoardTest.java:12)&#13;
at java.lang.reflect.Constructor.constructNative(Native Method)&#13;
at java.lang.reflect.Constructor.newInstance(Constructor.java:423)&#13;
at junit.runner.BaseTestRunner.getTest(BaseTestRunner.java:118)&#13;
at android.test.AndroidTestRunner.getTest(AndroidTestRunner.java:149)&#13;
at android.test.AndroidTestRunner.setTestClassName(AndroidTestRunner.java:57)&#13;
at android.test.suitebuilder.TestSuiteBuilder.addTestClassByName(TestSuiteBuilder.java:80)&#13;
at android.test.InstrumentationTestRunner.parseTestClass(InstrumentationTestRunner.java:443)&#13;
at android.test.InstrumentationTestRunner.parseTestClasses(InstrumentationTestRunner.java:424)&#13;
at android.test.InstrumentationTestRunner.onCreate(InstrumentationTestRunner.java:370)&#13;
at android.app.ActivityThread.handleBindApplication(ActivityThread.java:4316)&#13;
at android.app.ActivityThread.access$1400(ActivityThread.java:135)&#13;
at android.app.ActivityThread$H.handleMessage(ActivityThread.java:1457)&#13;
at android.os.Handler.dispatchMessage(Handler.java:102)&#13;
at android.os.Looper.loop(Looper.java:137)&#13;
at android.app.ActivityThread.main(ActivityThread.java:4998)&#13;
at java.lang.reflect.Method.invokeNative(Native Method)&#13;
at com.android.internal.os.ZygoteInit$MethodAndArgsCaller.run(ZygoteInit.java:777)&#13;
at com.android.internal.os.ZygoteInit.main(ZygoteInit.java:593)&#13;
at dalvik.system.NativeStart.main(Native Method)&#13;
)&#13;
at android.test.AndroidTestRunner.runTest(AndroidTestRunner.java:191)&#13;
at android.test.AndroidTestRunner.runTest(AndroidTestRunner.java:176)&#13;
at android.test.InstrumentationTestRunner.onStart(InstrumentationTestRunner.java:554)&#13;
at android.app.Instrumentation$InstrumentationThread.run(Instrumentation.java:1701)&#13;

</failure>
      </testcase>
    </testsuite>
  </testsuite>
</testrun>
